[2024-06-25 17:14:08.313309744] [INFO] Hello, World!
[2024-06-25 17:15:01.504476641] [INFO] Hello, World!
[2024-06-25 17:15:01.512278366] [INFO] Message from thread1.
[2024-06-25 17:15:01.512861429] [INFO] Message from thread2.
[2024-06-25 17:15:15.208826915] [INFO] Hello, World!
[2024-06-25 17:15:15.213851853] [INFO] Message from thread1.
[2024-06-25 17:15:15.213909674] [INFO] Message from thread2.
[2024-06-25 17:15:16.799884560] [INFO] Hello, World!
[2024-06-25 17:15:16.804845051] [INFO] Message from thread1.
[2024-06-25 17:15:16.804896357] [INFO] Message from thread2.
[2024-06-25 17:15:17.655148064] [INFO] Hello, World!
[2024-06-25 17:15:17.660145315] [INFO] Message from thread1.
[2024-06-25 17:15:17.660256908] [INFO] Message from thread2.
[2024-06-25 17:15:18.849061463] [INFO] Hello, World!
[2024-06-25 17:15:18.853970174] [INFO] Message from thread1.
[2024-06-25 17:15:18.854063123] [INFO] Message from thread2.
[2024-06-25 17:20:02.630938822] [INFO] Hello, World!
[2024-06-25 17:20:02.637834573] [INFO] Message from thread1.
[2024-06-25 17:20:02.637882051] [WARNING] Warning from thread1.
[2024-06-25 17:20:02.638048757] [ERROR] Error from thread1.
[2024-06-25 17:20:02.638210983] [FATAL] Fatal from thread1.
[2024-06-25 17:20:02.638502566] [INFO] Message from thread2.
[2024-06-25 17:20:02.638557103] [WARNING] Warning from thread2.
[2024-06-25 17:20:02.638574295] [ERROR] Error from thread2.
[2024-06-25 17:20:02.638588506] [FATAL] Fatal from thread2.
[2024-06-25 17:21:46.695271354] [INFO] Hello, World!
[2024-06-25 17:21:46.702866733] [INFO] Message from thread1.
[2024-06-25 17:21:46.702919213] [WARNING] Warning from thread1.
[2024-06-25 17:21:46.703425472] [INFO] Message from thread2.
[2024-06-25 17:21:46.703473774] [WARNING] Warning from thread2.
[2024-06-25 17:21:46.703492193] [ERROR] Error from thread2.
[2024-06-25 17:21:46.703507200] [FATAL] Fatal from thread2.
[2024-06-25 17:21:47.703137785] [ERROR] Error from thread1.
[2024-06-25 17:21:47.703223989] [FATAL] Fatal from thread1.
[2024-06-25 17:21:57.202142694] [INFO] Hello, World!
[2024-06-25 17:21:57.207164860] [INFO] Message from thread1.
[2024-06-25 17:21:57.207191015] [INFO] Message from thread2.
[2024-06-25 17:21:57.207390054] [WARNING] Warning from thread1.
[2024-06-25 17:21:57.207466126] [WARNING] Warning from thread2.
[2024-06-25 17:21:57.207534555] [ERROR] Error from thread2.
[2024-06-25 17:21:57.207663431] [FATAL] Fatal from thread2.
[2024-06-25 17:21:58.207602239] [ERROR] Error from thread1.
[2024-06-25 17:21:58.207656276] [FATAL] Fatal from thread1.
[2024-06-25 17:23:40] [INFO] Hello, World!
[2024-06-25 17:23:40] [INFO] Message from thread1.
[2024-06-25 17:23:40] [WARNING] Warning from thread1.
[2024-06-25 17:23:40] [INFO] Message from thread2.
[2024-06-25 17:23:40] [WARNING] Warning from thread2.
[2024-06-25 17:23:40] [ERROR] Error from thread2.
[2024-06-25 17:23:40] [FATAL] Fatal from thread2.
[2024-06-25 17:23:41] [ERROR] Error from thread1.
[2024-06-25 17:23:41] [FATAL] Fatal from thread1.
[2024-06-25 17:25:21] [INFO] Hello, World!
[2024-06-25 17:25:21] [DEBUG] Debug from thread1.
[2024-06-25 17:25:21] [INFO] Message from thread1.
[2024-06-25 17:25:21] [WARNING] Warning from thread1.
[2024-06-25 17:25:21] [DEBUG] Debug from thread2.
[2024-06-25 17:25:21] [INFO] Message from thread2.
[2024-06-25 17:25:21] [WARNING] Warning from thread2.
[2024-06-25 17:25:21] [ERROR] Error from thread2.
[2024-06-25 17:25:21] [FATAL] Fatal from thread2.
[2024-06-25 17:25:22] [ERROR] Error from thread1.
[2024-06-25 17:25:22] [FATAL] Fatal from thread1.
[2024-06-25 17:32:22] [INFO] Hello, World!
[2024-06-25 17:32:22] [DEBUG] Debug from thread1.
[2024-06-25 17:32:22] [INFO] Message from thread1.
[2024-06-25 17:32:22] [DEBUG] Debug from thread2.
[2024-06-25 17:32:22] [INFO] Message from thread2.
[2024-06-25 17:32:22] [WARNING] Warning from thread1.
[2024-06-25 17:32:22] [WARNING] Warning from thread2.
[2024-06-25 17:32:22] [ERROR] Error from thread2.
[2024-06-25 17:32:22] [FATAL] Fatal from thread2.
[2024-06-25 17:32:23] [ERROR] Error from thread1.
[2024-06-25 17:32:23] [FATAL] Fatal from thread1.
[2024-06-25 17:48:15] [INFO] Hello, World!
[2024-06-25 17:48:15] [DEBUG] Debug from thread1.
[2024-06-25 17:48:15] [INFO] Message from thread1.
[2024-06-25 17:48:15] [DEBUG] Debug from thread2.
[2024-06-25 17:48:15] [WARNING] Warning from thread1.
[2024-06-25 17:48:15] [INFO] Message from thread2.
[2024-06-25 17:48:15] [WARNING] Warning from thread2.
[2024-06-25 17:48:15] [ERROR] Error from thread2.
[2024-06-25 17:48:15] [FATAL] Fatal from thread2.
[2024-06-25 17:48:16] [ERROR] Error from thread1.
[2024-06-25 17:48:16] [FATAL] Fatal from thread1.
